2025-12-17 12:00:37 INFO: Loaded excludes: 4 keywords, 2 regex from C:\Users\46730\source\repos\SchoolSync\DV1633\GameProject\tools\excludes.txt
2025-12-17 12:00:49 INFO: Loaded excludes: 4 keywords, 2 regex from C:\Users\46730\source\repos\SchoolSync\DV1633\GameProject\tools\excludes.txt
2025-12-17 12:05:11 INFO: Loaded excludes: 4 keywords, 2 regex from C:\Users\46730\source\repos\SchoolSync\DV1633\GameProject\tools\excludes.txt
2025-12-17 12:05:11 INFO: Updated C:\Users\46730\source\repos\SchoolSync\DV1633\GameProject\raylib_test\raylib_test\src\include\ECS\Components.hpp
2025-12-17 12:05:11 INFO: No changes for C:\Users\46730\source\repos\SchoolSync\DV1633\GameProject\raylib_test\raylib_test\src\include\ECS\Systems.hpp
2025-12-17 12:06:16 INFO: Loaded excludes: 4 keywords, 2 regex from C:\Users\46730\source\repos\SchoolSync\DV1633\GameProject\tools\excludes.txt
2025-12-17 12:06:16 INFO: Watching for changes. Ctrl+C to stop.
2025-12-17 12:07:51 INFO: Loaded excludes: 4 keywords, 2 regex from C:\Users\46730\source\repos\SchoolSync\DV1633\GameProject\tools\excludes.txt
2025-12-17 12:07:52 INFO: No changes for C:\Users\46730\source\repos\SchoolSync\DV1633\GameProject\raylib_test\raylib_test\src\include\ECS\Components.hpp
2025-12-17 12:07:52 INFO: No changes for C:\Users\46730\source\repos\SchoolSync\DV1633\GameProject\raylib_test\raylib_test\src\include\ECS\Systems.hpp
2025-12-17 12:08:41 INFO: Loaded excludes: 4 keywords, 2 regex from C:\Users\46730\source\repos\SchoolSync\DV1633\GameProject\tools\excludes.txt
2025-12-17 12:08:41 INFO: Updated C:\Users\46730\source\repos\SchoolSync\DV1633\GameProject\raylib_test\raylib_test\src\include\ECS\Components.hpp
2025-12-17 12:08:41 INFO: No changes for C:\Users\46730\source\repos\SchoolSync\DV1633\GameProject\raylib_test\raylib_test\src\include\ECS\Systems.hpp
2025-12-17 12:09:09 INFO: Loaded excludes: 4 keywords, 2 regex from C:\Users\46730\source\repos\SchoolSync\DV1633\GameProject\tools\excludes.txt
2025-12-17 12:09:09 INFO: Watching for changes. Ctrl+C to stop.
2025-12-17 12:09:14 INFO: Updated C:\Users\46730\source\repos\SchoolSync\DV1633\GameProject\raylib_test\raylib_test\src\include\ECS\Components.hpp
2025-12-17 12:09:28 INFO: Updated C:\Users\46730\source\repos\SchoolSync\DV1633\GameProject\raylib_test\raylib_test\src\include\ECS\Components.hpp
2025-12-17 12:09:39 INFO: Updated C:\Users\46730\source\repos\SchoolSync\DV1633\GameProject\raylib_test\raylib_test\src\include\ECS\Components.hpp
2025-12-17 12:11:22 INFO: Loaded excludes: 4 keywords, 2 regex from C:\Users\46730\source\repos\SchoolSync\DV1633\GameProject\tools\excludes.txt
2025-12-17 12:11:22 INFO: Watching for changes. Ctrl+C to stop.
2025-12-17 12:11:22 INFO: Updated C:\Users\46730\source\repos\SchoolSync\DV1633\GameProject\raylib_test\raylib_test\src\include\ECS\Components.hpp
2025-12-17 12:11:22 INFO: Updated C:\Users\46730\source\repos\SchoolSync\DV1633\GameProject\raylib_test\raylib_test\src\include\ECS\Systems.hpp
2025-12-17 12:15:52 INFO: Loaded excludes: 4 keywords, 2 regex from C:\Users\46730\source\repos\SchoolSync\DV1633\GameProject\tools\excludes.txt
2025-12-17 12:15:52 INFO: Watching for changes. Ctrl+C to stop.
2025-12-17 12:16:09 INFO: Loaded excludes: 4 keywords, 2 regex from C:\Users\46730\source\repos\SchoolSync\DV1633\GameProject\tools\excludes.txt
2025-12-17 12:16:09 INFO: No changes for C:\Users\46730\source\repos\SchoolSync\DV1633\GameProject\raylib_test\raylib_test\src\include\ECS\Components.hpp
2025-12-17 12:16:09 INFO: No changes for C:\Users\46730\source\repos\SchoolSync\DV1633\GameProject\raylib_test\raylib_test\src\include\ECS\Systems.hpp
2025-12-17 12:17:38 INFO: Loaded excludes: 4 keywords, 2 regex from C:\Users\46730\source\repos\SchoolSync\DV1633\GameProject\tools\excludes.txt
2025-12-17 12:17:38 INFO: Updated C:\Users\46730\source\repos\SchoolSync\DV1633\GameProject\raylib_test\raylib_test\src\include\ECS\Components.hpp
2025-12-17 12:17:38 INFO: No changes for C:\Users\46730\source\repos\SchoolSync\DV1633\GameProject\raylib_test\raylib_test\src\include\ECS\Systems.hpp
2025-12-17 12:18:33 INFO: Loaded excludes: 4 keywords, 2 regex from C:\Users\46730\source\repos\SchoolSync\DV1633\GameProject\tools\excludes.txt
2025-12-17 12:18:33 INFO: Updated C:\Users\46730\source\repos\SchoolSync\DV1633\GameProject\raylib_test\raylib_test\src\include\ECS\Components.hpp
2025-12-17 12:18:33 INFO: No changes for C:\Users\46730\source\repos\SchoolSync\DV1633\GameProject\raylib_test\raylib_test\src\include\ECS\Systems.hpp
2025-12-17 12:18:59 INFO: Loaded excludes: 4 keywords, 2 regex from C:\Users\46730\source\repos\SchoolSync\DV1633\GameProject\tools\excludes.txt
2025-12-17 12:18:59 INFO: No changes for C:\Users\46730\source\repos\SchoolSync\DV1633\GameProject\raylib_test\raylib_test\src\include\ECS\Components.hpp
2025-12-17 12:18:59 INFO: No changes for C:\Users\46730\source\repos\SchoolSync\DV1633\GameProject\raylib_test\raylib_test\src\include\ECS\Systems.hpp
2025-12-17 12:20:06 INFO: Loaded excludes: 4 keywords, 2 regex from C:\Users\46730\source\repos\SchoolSync\DV1633\GameProject\tools\excludes.txt
2025-12-17 12:20:06 INFO: No changes for C:\Users\46730\source\repos\SchoolSync\DV1633\GameProject\raylib_test\raylib_test\src\include\ECS\Components.hpp
2025-12-17 12:20:06 INFO: No changes for C:\Users\46730\source\repos\SchoolSync\DV1633\GameProject\raylib_test\raylib_test\src\include\ECS\Systems.hpp
2025-12-17 12:27:59 INFO: Loaded excludes: 4 keywords, 2 regex from C:\Users\46730\source\repos\SchoolSync\DV1633\GameProject\tools\excludes.txt
2025-12-17 12:32:56 INFO: Loaded excludes: 4 keywords, 2 regex from C:\Users\46730\source\repos\SchoolSync\DV1633\GameProject\tools\excludes.txt
2025-12-17 12:32:56 INFO: Updated C:\Users\46730\source\repos\SchoolSync\DV1633\GameProject\raylib_test\raylib_test\src\include\ECS\Components.hpp
2025-12-17 12:32:56 INFO: No changes for C:\Users\46730\source\repos\SchoolSync\DV1633\GameProject\raylib_test\raylib_test\src\include\ECS\Systems.hpp
2025-12-17 12:35:59 INFO: Loaded excludes: 4 keywords, 2 regex from C:\Users\46730\source\repos\SchoolSync\DV1633\GameProject\tools\excludes.txt
2025-12-17 12:35:59 INFO: No changes for C:\Users\46730\source\repos\SchoolSync\DV1633\GameProject\raylib_test\raylib_test\src\include\ECS\Components.hpp
2025-12-17 12:35:59 INFO: No changes for C:\Users\46730\source\repos\SchoolSync\DV1633\GameProject\raylib_test\raylib_test\src\include\ECS\Systems.hpp
2025-12-17 12:36:11 INFO: Loaded excludes: 4 keywords, 2 regex from C:\Users\46730\source\repos\SchoolSync\DV1633\GameProject\tools\excludes.txt
2025-12-17 12:36:11 INFO: Updated C:\Users\46730\source\repos\SchoolSync\DV1633\GameProject\raylib_test\raylib_test\src\include\ECS\Components.hpp
2025-12-17 12:36:11 INFO: No changes for C:\Users\46730\source\repos\SchoolSync\DV1633\GameProject\raylib_test\raylib_test\src\include\ECS\Systems.hpp
2025-12-17 12:37:35 INFO: Loaded excludes: 1 keywords, 2 regex from C:\Users\46730\source\repos\SchoolSync\DV1633\GameProject\tools\excludes.txt
2025-12-17 12:37:35 INFO: Updated C:\Users\46730\source\repos\SchoolSync\DV1633\GameProject\raylib_test\raylib_test\src\include\ECS\Components.hpp
2025-12-17 12:37:35 INFO: No changes for C:\Users\46730\source\repos\SchoolSync\DV1633\GameProject\raylib_test\raylib_test\src\include\ECS\Systems.hpp
2025-12-17 12:38:49 INFO: Loaded excludes: 1 keywords, 2 regex from C:\Users\46730\source\repos\SchoolSync\DV1633\GameProject\tools\excludes.txt
2025-12-17 12:38:49 INFO: Updated C:\Users\46730\source\repos\SchoolSync\DV1633\GameProject\raylib_test\raylib_test\src\include\ECS\Components.hpp
2025-12-17 12:38:49 INFO: Updated C:\Users\46730\source\repos\SchoolSync\DV1633\GameProject\raylib_test\raylib_test\src\include\ECS\Systems.hpp
2025-12-17 12:40:23 INFO: Loaded excludes: 1 keywords, 2 regex from C:\Users\46730\source\repos\SchoolSync\DV1633\GameProject\tools\excludes.txt
2025-12-17 12:40:24 INFO: No changes for C:\Users\46730\source\repos\SchoolSync\DV1633\GameProject\raylib_test\raylib_test\src\include\ECS\Components.hpp
2025-12-17 12:40:24 INFO: No changes for C:\Users\46730\source\repos\SchoolSync\DV1633\GameProject\raylib_test\raylib_test\src\include\ECS\Systems.hpp
2025-12-17 12:40:53 INFO: Loaded excludes: 1 keywords, 2 regex from C:\Users\46730\source\repos\SchoolSync\DV1633\GameProject\tools\excludes.txt
2025-12-17 12:40:53 INFO: Updated C:\Users\46730\source\repos\SchoolSync\DV1633\GameProject\raylib_test\raylib_test\src\include\ECS\Components.hpp
2025-12-17 12:40:53 INFO: No changes for C:\Users\46730\source\repos\SchoolSync\DV1633\GameProject\raylib_test\raylib_test\src\include\ECS\Systems.hpp
2025-12-17 12:41:32 INFO: Loaded excludes: 1 keywords, 2 regex from C:\Users\46730\source\repos\SchoolSync\DV1633\GameProject\tools\excludes.txt
2025-12-17 12:41:32 INFO: Watching for changes. Ctrl+C to stop.
2025-12-17 12:41:44 INFO: Updated C:\Users\46730\source\repos\SchoolSync\DV1633\GameProject\raylib_test\raylib_test\src\include\ECS\Components.hpp
2025-12-17 12:41:48 INFO: Updated C:\Users\46730\source\repos\SchoolSync\DV1633\GameProject\raylib_test\raylib_test\src\include\ECS\Components.hpp
